#
# There is insufficient memory for the Java Runtime Environment to continue.
# Native memory allocation (mmap) failed to map 81264640 bytes for committing reserved memory.
# Possible reasons:
#   The system is out of physical RAM or swap space
#   In 32 bit mode, the process size limit was hit
# Possible solutions:
#   Reduce memory load on the system
#   Increase physical memory or swap space
#   Check if swap backing store is full
#   Use 64 bit Java on a 64 bit OS
#   Decrease Java heap size (-Xmx/-Xms)
#   Decrease number of Java threads
#   Decrease Java thread stack sizes (-Xss)
#   Set larger code cache with -XX:ReservedCodeCacheSize=
# This output file may be truncated or incomplete.
#
#  Out of Memory Error (os_linux.cpp:2640), pid=8437, tid=0x00007f9178225700
#
# JRE version: OpenJDK Runtime Environment (8.0_181-b13) (build 1.8.0_181-b13)
# Java VM: OpenJDK 64-Bit Server VM (25.181-b13 mixed mode linux-amd64 compressed oops)
# Core dump written. Default location: /home/turangos/IdeaProjects/HiberExample/core or core.8437
#

---------------  T H R E A D  ---------------

Current thread (0x00007f9174145800):  VMThread [stack: 0x00007f9178126000,0x00007f9178226000] [id=8443]

Stack: [0x00007f9178126000,0x00007f9178226000],  sp=0x00007f9178224430,  free space=1017k
Native frames: (J=compiled Java code, j=interpreted, Vv=VM code, C=native code)
V  [libjvm.so+0xa2b17c]
V  [libjvm.so+0x4b7dfa]
V  [libjvm.so+0x88c9dc]
V  [libjvm.so+0x88713f]
V  [libjvm.so+0x8fd98f]
V  [libjvm.so+0x8fe231]
V  [libjvm.so+0x8fea6b]
V  [libjvm.so+0x8fb94f]
V  [libjvm.so+0x8f4406]
V  [libjvm.so+0x4420d7]
V  [libjvm.so+0xa2c75a]
V  [libjvm.so+0xa32427]
V  [libjvm.so+0xa2fe98]
V  [libjvm.so+0xa3115d]
V  [libjvm.so+0xa313be]
V  [libjvm.so+0x889e74]

VM_Operation (0x00007f917ac58aa0): CollectForMetadataAllocation, mode: safepoint, requested by thread 0x00007f9174011000


---------------  P R O C E S S  ---------------

Java Threads: ( => current thread )
  0x00007f9110008000 JavaThread "RMI Scheduler(0)" daemon [_thread_blocked, id=8468, stack(0x00007f915cea9000,0x00007f915cfaa000)]
  0x00007f9120001000 JavaThread "RMI TCP Connection(2)-127.0.0.1" daemon [_thread_in_native, id=8467, stack(0x00007f915cfaa000,0x00007f915d0ab000)]
  0x00007f9124001800 JavaThread "RMI TCP Connection(1)-127.0.0.1" daemon [_thread_blocked, id=8465, stack(0x00007f915d0ab000,0x00007f915d1ac000)]
  0x00007f9174589800 JavaThread "RMI TCP Accept-0" daemon [_thread_in_native, id=8463, stack(0x00007f915d2ad000,0x00007f915d3ae000)]
  0x00007f9174581800 JavaThread "RMI TCP Accept-42533" daemon [_thread_in_native, id=8462, stack(0x00007f915d3ae000,0x00007f915d4af000)]
  0x00007f917456b000 JavaThread "RMI TCP Accept-0" daemon [_thread_in_native, id=8461, stack(0x00007f915d4af000,0x00007f915d5b0000)]
  0x00007f9174487800 JavaThread "Service Thread" daemon [_thread_blocked, id=8460, stack(0x00007f91640d4000,0x00007f91641d5000)]
  0x00007f917447c800 JavaThread "C1 CompilerThread2" daemon [_thread_blocked, id=8459, stack(0x00007f91641f0000,0x00007f91642f0000)]
  0x00007f917447a800 JavaThread "C2 CompilerThread1" daemon [_thread_blocked, id=8458, stack(0x00007f91642f1000,0x00007f91643f1000)]
  0x00007f9174478800 JavaThread "C2 CompilerThread0" daemon [_thread_blocked, id=8457, stack(0x00007f91643f2000,0x00007f91644f2000)]
  0x00007f9174476800 JavaThread "Monitor Ctrl-Break" daemon [_thread_in_native, id=8456, stack(0x00007f91644f2000,0x00007f91645f3000)]
  0x00007f9174185800 JavaThread "Signal Dispatcher" daemon [_thread_blocked, id=8455, stack(0x00007f9164858000,0x00007f9164959000)]
  0x00007f9174151800 JavaThread "Finalizer" daemon [_thread_blocked, id=8448, stack(0x00007f9164eff000,0x00007f9165000000)]
  0x00007f917414d000 JavaThread "Reference Handler" daemon [_thread_blocked, id=8446, stack(0x00007f9178024000,0x00007f9178125000)]
  0x00007f9174011000 JavaThread "main" [_thread_blocked, id=8438, stack(0x00007f917ab61000,0x00007f917ac61000)]

Other Threads:
=>0x00007f9174145800 VMThread [stack: 0x00007f9178126000,0x00007f9178226000] [id=8443]
  0x00007f917458c000 WatcherThread [stack: 0x00007f915d1ad000,0x00007f915d2ad000] [id=8464]

VM state:at safepoint (normal execution)

VM Mutex/Monitor currently owned by a thread:  ([mutex/lock_event])
[0x00007f917400e510] Threads_lock - owner thread: 0x00007f9174145800
[0x00007f917400ea10] Heap_lock - owner thread: 0x00007f9174011000

Heap:
 PSYoungGen      total 169984K, used 10227K [0x00000000e3d00000, 0x00000000eed00000, 0x0000000100000000)
  eden space 159744K, 0% used [0x00000000e3d00000,0x00000000e3d00000,0x00000000ed900000)
  from space 10240K, 99% used [0x00000000ed900000,0x00000000ee2fce18,0x00000000ee300000)
  to   space 8704K, 0% used [0x00000000ee480000,0x00000000ee480000,0x00000000eed00000)
 ParOldGen       total 34816K, used 7360K [0x00000000ab600000, 0x00000000ad800000, 0x00000000e3d00000)
  object space 34816K, 21% used [0x00000000ab600000,0x00000000abd30088,0x00000000ad800000)
 Metaspace       used 34430K, capacity 35408K, committed 35496K, reserved 1079296K
  class space    used 4600K, capacity 4840K, committed 4864K, reserved 1048576K

Card table byte_map: [0x00007f917a4ac000,0x00007f917a752000] byte_map_base: 0x00007f9179f51000

Marking Bits: (ParMarkBitMap*) 0x00007f917bab2ae0
 Begin Bits: [0x00007f915d5b0000, 0x00007f915ead8000)
 End Bits:   [0x00007f915ead8000, 0x00007f9160000000)

Polling page: 0x00007f917bef9000

CodeCache: size=245760Kb used=6180Kb max_used=6180Kb free=239579Kb
 bounds [0x00007f9165000000, 0x00007f9165610000, 0x00007f9174000000]
 total_blobs=3441 nmethods=2950 adapters=405
 compilation: enabled

Compilation events (10 events):
Event: 23,142 Thread 0x00007f917447c800 2946       1       org.hibernate.tuple.entity.EntityMetamodel::getIdentifierProperty (5 bytes)
Event: 23,142 Thread 0x00007f917447c800 nmethod 2946 0x00007f9165606cd0 code [0x00007f9165606e20, 0x00007f9165606f30]
Event: 23,142 Thread 0x00007f917447c800 2947   !   1       org.hibernate.service.internal.AbstractServiceRegistryImpl::getService (119 bytes)
Event: 23,145 Thread 0x00007f917447c800 nmethod 2947 0x00007f9165606f90 code [0x00007f91656071a0, 0x00007f9165607918]
Event: 23,145 Thread 0x00007f917447c800 2948       1       org.hibernate.engine.FetchStrategy::getStyle (5 bytes)
Event: 23,145 Thread 0x00007f917447c800 nmethod 2948 0x00007f9165607f90 code [0x00007f91656080e0, 0x00007f91656081f0]
Event: 23,145 Thread 0x00007f917447c800 2949       1       org.hibernate.engine.FetchStrategy::getTiming (5 bytes)
Event: 23,145 Thread 0x00007f917447c800 nmethod 2949 0x00007f9165608250 code [0x00007f91656083a0, 0x00007f91656084b0]
Event: 23,145 Thread 0x00007f917447c800 2950       1       org.hibernate.loader.plan.build.internal.spaces.AbstractQuerySpace::getUid (5 bytes)
Event: 23,145 Thread 0x00007f917447c800 nmethod 2950 0x00007f9165608510 code [0x00007f9165608660, 0x00007f9165608770]

GC Heap History (10 events):
Event: 3,289 GC heap after
Heap after GC invocations=5 (full 0):
 PSYoungGen      total 47616K, used 3557K [0x00000000e3d00000, 0x00000000ea400000, 0x0000000100000000)
  eden space 44032K, 0% used [0x00000000e3d00000,0x00000000e3d00000,0x00000000e6800000)
  from space 3584K, 99% used [0x00000000e6800000,0x00000000e6b79610,0x00000000e6b80000)
  to   space 8704K, 0% used [0x00000000e9b80000,0x00000000e9b80000,0x00000000ea400000)
 ParOldGen       total 58880K, used 8608K [0x00000000ab600000, 0x00000000aef80000, 0x00000000e3d00000)
  object space 58880K, 14% used [0x00000000ab600000,0x00000000abe68180,0x00000000aef80000)
 Metaspace       used 20485K, capacity 21052K, committed 21296K, reserved 1067008K
  class space    used 2653K, capacity 2830K, committed 2944K, reserved 1048576K
}
Event: 3,328 GC heap before
{Heap before GC invocations=6 (full 0):
 PSYoungGen      total 47616K, used 4455K [0x00000000e3d00000, 0x00000000ea400000, 0x0000000100000000)
  eden space 44032K, 2% used [0x00000000e3d00000,0x00000000e3de06c8,0x00000000e6800000)
  from space 3584K, 99% used [0x00000000e6800000,0x00000000e6b79610,0x00000000e6b80000)
  to   space 8704K, 0% used [0x00000000e9b80000,0x00000000e9b80000,0x00000000ea400000)
 ParOldGen       total 58880K, used 8608K [0x00000000ab600000, 0x00000000aef80000, 0x00000000e3d00000)
  object space 58880K, 14% used [0x00000000ab600000,0x00000000abe68180,0x00000000aef80000)
 Metaspace       used 20565K, capacity 21148K, committed 21296K, reserved 1067008K
  class space    used 2664K, capacity 2862K, committed 2944K, reserved 1048576K
Event: 3,347 GC heap after
Heap after GC invocations=6 (full 0):
 PSYoungGen      total 96768K, used 3589K [0x00000000e3d00000, 0x00000000ea400000, 0x0000000100000000)
  eden space 88064K, 0% used [0x00000000e3d00000,0x00000000e3d00000,0x00000000e9300000)
  from space 8704K, 41% used [0x00000000e9b80000,0x00000000e9f01610,0x00000000ea400000)
  to   space 8704K, 0% used [0x00000000e9300000,0x00000000e9300000,0x00000000e9b80000)
 ParOldGen       total 58880K, used 8616K [0x00000000ab600000, 0x00000000aef80000, 0x00000000e3d00000)
  object space 58880K, 14% used [0x00000000ab600000,0x00000000abe6a180,0x00000000aef80000)
 Metaspace       used 20565K, capacity 21148K, committed 21296K, reserved 1067008K
  class space    used 2664K, capacity 2862K, committed 2944K, reserved 1048576K
}
Event: 3,347 GC heap before
{Heap before GC invocations=7 (full 1):
 PSYoungGen      total 96768K, used 3589K [0x00000000e3d00000, 0x00000000ea400000, 0x0000000100000000)
  eden space 88064K, 0% used [0x00000000e3d00000,0x00000000e3d00000,0x00000000e9300000)
  from space 8704K, 41% used [0x00000000e9b80000,0x00000000e9f01610,0x00000000ea400000)
  to   space 8704K, 0% used [0x00000000e9300000,0x00000000e9300000,0x00000000e9b80000)
 ParOldGen       total 58880K, used 8616K [0x00000000ab600000, 0x00000000aef80000, 0x00000000e3d00000)
  object space 58880K, 14% used [0x00000000ab600000,0x00000000abe6a180,0x00000000aef80000)
 Metaspace       used 20565K, capacity 21148K, committed 21296K, reserved 1067008K
  class space    used 2664K, capacity 2862K, committed 2944K, reserved 1048576K
Event: 3,392 GC heap after
Heap after GC invocations=7 (full 1):
 PSYoungGen      total 96768K, used 0K [0x00000000e3d00000, 0x00000000ea400000, 0x0000000100000000)
  eden space 88064K, 0% used [0x00000000e3d00000,0x00000000e3d00000,0x00000000e9300000)
  from space 8704K, 0% used [0x00000000e9b80000,0x00000000e9b80000,0x00000000ea400000)
  to   space 8704K, 0% used [0x00000000e9300000,0x00000000e9300000,0x00000000e9b80000)
 ParOldGen       total 34816K, used 4913K [0x00000000ab600000, 0x00000000ad800000, 0x00000000e3d00000)
  object space 34816K, 14% used [0x00000000ab600000,0x00000000abacc7f8,0x00000000ad800000)
 Metaspace       used 20565K, capacity 21148K, committed 21296K, reserved 1067008K
  class space    used 2664K, capacity 2862K, committed 2944K, reserved 1048576K
}
Event: 4,654 GC heap before
{Heap before GC invocations=8 (full 1):
 PSYoungGen      total 96768K, used 88064K [0x00000000e3d00000, 0x00000000ea400000, 0x0000000100000000)
  eden space 88064K, 100% used [0x00000000e3d00000,0x00000000e9300000,0x00000000e9300000)
  from space 8704K, 0% used [0x00000000e9b80000,0x00000000e9b80000,0x00000000ea400000)
  to   space 8704K, 0% used [0x00000000e9300000,0x00000000e9300000,0x00000000e9b80000)
 ParOldGen       total 34816K, used 4913K [0x00000000ab600000, 0x00000000ad800000, 0x00000000e3d00000)
  object space 34816K, 14% used [0x00000000ab600000,0x00000000abacc7f8,0x00000000ad800000)
 Metaspace       used 23037K, capacity 23840K, committed 23936K, reserved 1071104K
  class space    used 3001K, capacity 3196K, committed 3200K, reserved 1048576K
Event: 4,663 GC heap after
Heap after GC invocations=8 (full 1):
 PSYoungGen      total 96768K, used 5779K [0x00000000e3d00000, 0x00000000eed00000, 0x0000000100000000)
  eden space 88064K, 0% used [0x00000000e3d00000,0x00000000e3d00000,0x00000000e9300000)
  from space 8704K, 66% used [0x00000000e9300000,0x00000000e98a4c60,0x00000000e9b80000)
  to   space 8704K, 0% used [0x00000000ee480000,0x00000000ee480000,0x00000000eed00000)
 ParOldGen       total 34816K, used 4921K [0x00000000ab600000, 0x00000000ad800000, 0x00000000e3d00000)
  object space 34816K, 14% used [0x00000000ab600000,0x00000000abace7f8,0x00000000ad800000)
 Metaspace       used 23037K, capacity 23840K, committed 23936K, reserved 1071104K
  class space    used 3001K, capacity 3196K, committed 3200K, reserved 1048576K
}
Event: 17,930 GC heap before
{Heap before GC invocations=9 (full 1):
 PSYoungGen      total 96768K, used 93843K [0x00000000e3d00000, 0x00000000eed00000, 0x0000000100000000)
  eden space 88064K, 100% used [0x00000000e3d00000,0x00000000e9300000,0x00000000e9300000)
  from space 8704K, 66% used [0x00000000e9300000,0x00000000e98a4c60,0x00000000e9b80000)
  to   space 8704K, 0% used [0x00000000ee480000,0x00000000ee480000,0x00000000eed00000)
 ParOldGen       total 34816K, used 4921K [0x00000000ab600000, 0x00000000ad800000, 0x00000000e3d00000)
  object space 34816K, 14% used [0x00000000ab600000,0x00000000abace7f8,0x00000000ad800000)
 Metaspace       used 28785K, capacity 29692K, committed 30080K, reserved 1075200K
  class space    used 3894K, capacity 4140K, committed 4224K, reserved 1048576K
Event: 18,417 GC heap after
Heap after GC invocations=9 (full 1):
 PSYoungGen      total 168448K, used 8701K [0x00000000e3d00000, 0x00000000eed00000, 0x0000000100000000)
  eden space 159744K, 0% used [0x00000000e3d00000,0x00000000e3d00000,0x00000000ed900000)
  from space 8704K, 99% used [0x00000000ee480000,0x00000000eecff738,0x00000000eed00000)
  to   space 10240K, 0% used [0x00000000ed900000,0x00000000ed900000,0x00000000ee300000)
 ParOldGen       total 34816K, used 6396K [0x00000000ab600000, 0x00000000ad800000, 0x00000000e3d00000)
  object space 34816K, 18% used [0x00000000ab600000,0x00000000abc3f1b8,0x00000000ad800000)
 Metaspace       used 28785K, capacity 29692K, committed 30080K, reserved 1075200K
  class space    used 3894K, capacity 4140K, committed 4224K, reserved 1048576K
}
Event: 23,160 GC heap before
{Heap before GC invocations=10 (full 1):
 PSYoungGen      total 168448K, used 71388K [0x00000000e3d00000, 0x00000000eed00000, 0x0000000100000000)
  eden space 159744K, 39% used [0x00000000e3d00000,0x00000000e7a37928,0x00000000ed900000)
  from space 8704K, 99% used [0x00000000ee480000,0x00000000eecff738,0x00000000eed00000)
  to   space 10240K, 0% used [0x00000000ed900000,0x00000000ed900000,0x00000000ee300000)
 ParOldGen       total 34816K, used 6396K [0x00000000ab600000, 0x00000000ad800000, 0x00000000e3d00000)
  object space 34816K, 18% used [0x00000000ab600000,0x00000000abc3f1b8,0x00000000ad800000)
 Metaspace       used 34430K, capacity 35408K, committed 35496K, reserved 1079296K
  class space    used 4600K, capacity 4840K, committed 4864K, reserved 1048576K

Deoptimization events (0 events):
No events

Classes redefined (0 events):
No events

Internal exceptions (10 events):
Event: 17,006 Thread 0x00007f9174011000 Exception <a 'java/security/PrivilegedActionException'> (0x00000000e9244450) thrown at [/build/java8-openjdk/src/jdk8u-jdk8u181-b13/hotspot/src/share/vm/prims/jvm.cpp, line 1435]
Event: 19,186 Thread 0x00007f9120001000 Exception <a 'java/lang/reflect/InvocationTargetException'> (0x00000000e40321b0) thrown at [/build/java8-openjdk/src/jdk8u-jdk8u181-b13/hotspot/src/share/vm/runtime/reflection.cpp, line 1092]
Event: 22,042 Thread 0x00007f9120001000 Exception <a 'java/lang/reflect/InvocationTargetException'> (0x00000000e4040720) thrown at [/build/java8-openjdk/src/jdk8u-jdk8u181-b13/hotspot/src/share/vm/runtime/reflection.cpp, line 1092]
Event: 22,256 Thread 0x00007f9174011000 Exception <a 'java/net/SocketException': Socket closed> (0x00000000e41349f0) thrown at [/build/java8-openjdk/src/jdk8u-jdk8u181-b13/hotspot/src/share/vm/prims/jni.cpp, line 735]
Event: 22,482 Thread 0x00007f9174011000 Exception <a 'java/lang/reflect/InvocationTargetException'> (0x00000000e4139530) thrown at [/build/java8-openjdk/src/jdk8u-jdk8u181-b13/hotspot/src/share/vm/runtime/reflection.cpp, line 1092]
Event: 22,488 Thread 0x00007f9174011000 Exception <a 'java/lang/reflect/InvocationTargetException'> (0x00000000e41404c0) thrown at [/build/java8-openjdk/src/jdk8u-jdk8u181-b13/hotspot/src/share/vm/runtime/reflection.cpp, line 1092]
Event: 22,557 Thread 0x00007f9120001000 Exception <a 'java/lang/reflect/InvocationTargetException'> (0x00000000e404e058) thrown at [/build/java8-openjdk/src/jdk8u-jdk8u181-b13/hotspot/src/share/vm/runtime/reflection.cpp, line 1092]
Event: 22,861 Thread 0x00007f9174011000 Exception <a 'java/lang/ArrayIndexOutOfBoundsException'> (0x00000000e62f5f78) thrown at [/build/java8-openjdk/src/jdk8u-jdk8u181-b13/hotspot/src/share/vm/runtime/sharedRuntime.cpp, line 605]
Event: 22,903 Thread 0x00007f9174011000 Exception <a 'java/lang/NoSuchMethodError': java.lang.Object.lambda$andThen$1(Ljava/util/function/Function;Ljava/lang/Object;)Ljava/lang/Object;> (0x00000000e649bc40) thrown at [/build/java8-openjdk/src/jdk8u-jdk8u181-b13/hotspot/src/share/vm/interpreter/
Event: 23,063 Thread 0x00007f9120001000 Exception <a 'java/lang/reflect/InvocationTargetException'> (0x00000000e40683f8) thrown at [/build/java8-openjdk/src/jdk8u-jdk8u181-b13/hotspot/src/share/vm/runtime/reflection.cpp, line 1092]

Events (10 events):
Event: 23,150 loading class org/hibernate/engine/spi/CascadingActions$7 done
Event: 23,151 loading class org/hibernate/engine/spi/CascadingActions$8
Event: 23,151 loading class org/hibernate/engine/spi/CascadingActions$8 done
Event: 23,151 loading class org/hibernate/engine/spi/CascadingActions$9
Event: 23,151 loading class org/hibernate/engine/spi/CascadingActions$9 done
Event: 23,151 loading class org/hibernate/loader/entity/CascadeEntityJoinWalker
Event: 23,151 loading class org/hibernate/loader/entity/CascadeEntityJoinWalker done
Event: 23,152 loading class org/hibernate/loader/AbstractEntityJoinWalker
Event: 23,152 loading class org/hibernate/loader/AbstractEntityJoinWalker done
Event: 23,155 Executing VM operation: CollectForMetadataAllocation


Dynamic libraries:
ab600000-ad800000 rw-p 00000000 00:00 0 
ad800000-e3d00000 ---p 00000000 00:00 0 
e3d00000-eed00000 rw-p 00000000 00:00 0 
f3a80000-100000000 ---p 00000000 00:00 0 
100000000-1004c0000 rw-p 00000000 00:00 0 
1004c0000-140000000 ---p 00000000 00:00 0 
55a89b506000-55a89b507000 r--p 00000000 08:11 3146655                    /usr/lib/jvm/java-8-openjdk/jre/bin/java
55a89b507000-55a89b508000 r-xp 00001000 08:11 3146655                    /usr/lib/jvm/java-8-openjdk/jre/bin/java
55a89b508000-55a89b509000 r--p 00002000 08:11 3146655                    /usr/lib/jvm/java-8-openjdk/jre/bin/java
55a89b509000-55a89b50a000 r--p 00002000 08:11 3146655                    /usr/lib/jvm/java-8-openjdk/jre/bin/java
55a89b50a000-55a89b50b000 rw-p 00003000 08:11 3146655                    /usr/lib/jvm/java-8-openjdk/jre/bin/java
55a89ccd9000-55a89ccfa000 rw-p 00000000 00:00 0                          [heap]
7f9100000000-7f9100021000 rw-p 00000000 00:00 0 
7f9100021000-7f9104000000 ---p 00000000 00:00 0 
7f9104000000-7f9104021000 rw-p 00000000 00:00 0 
7f9104021000-7f9108000000 ---p 00000000 00:00 0 
7f9108000000-7f9108021000 rw-p 00000000 00:00 0 
7f9108021000-7f910c000000 ---p 00000000 00:00 0 
7f910c000000-7f910c25d000 rw-p 00000000 00:00 0 
7f910c25d000-7f9110000000 ---p 00000000 00:00 0 
7f9110000000-7f9110021000 rw-p 00000000 00:00 0 
7f9110021000-7f9114000000 ---p 00000000 00:00 0 
7f9114000000-7f9114024000 rw-p 00000000 00:00 0 
7f9114024000-7f9118000000 ---p 00000000 00:00 0 
7f9118000000-7f9118021000 rw-p 00000000 00:00 0 
7f9118021000-7f911c000000 ---p 00000000 00:00 0 
7f911c000000-7f911c021000 rw-p 00000000 00:00 0 
7f911c021000-7f9120000000 ---p 00000000 00:00 0 
7f9120000000-7f9120021000 rw-p 00000000 00:00 0 
7f9120021000-7f9124000000 ---p 00000000 00:00 0 
7f9124000000-7f9124021000 rw-p 00000000 00:00 0 
7f9124021000-7f9128000000 ---p 00000000 00:00 0 
7f9128000000-7f9128659000 rw-p 00000000 00:00 0 
7f9128659000-7f912c000000 ---p 00000000 00:00 0 
7f912c000000-7f912c021000 rw-p 00000000 00:00 0 
7f912c021000-7f9130000000 ---p 00000000 00:00 0 
7f9130000000-7f9130046000 rw-p 00000000 00:00 0 
7f9130046000-7f9134000000 ---p 00000000 00:00 0 
7f9134000000-7f9134021000 rw-p 00000000 00:00 0 
7f9134021000-7f9138000000 ---p 00000000 00:00 0 
7f9138000000-7f9138021000 rw-p 00000000 00:00 0 
7f9138021000-7f913c000000 ---p 00000000 00:00 0 
7f913c000000-7f913c021000 rw-p 00000000 00:00 0 
7f913c021000-7f9140000000 ---p 00000000 00:00 0 
7f9140000000-7f9140021000 rw-p 00000000 00:00 0 
7f9140021000-7f9144000000 ---p 00000000 00:00 0 
7f9144000000-7f9144021000 rw-p 00000000 00:00 0 
7f9144021000-7f9148000000 ---p 00000000 00:00 0 
7f9148000000-7f9148021000 rw-p 00000000 00:00 0 
7f9148021000-7f914c000000 ---p 00000000 00:00 0 
7f914c000000-7f914c021000 rw-p 00000000 00:00 0 
7f914c021000-7f9150000000 ---p 00000000 00:00 0 
7f9150000000-7f9150021000 rw-p 00000000 00:00 0 
7f9150021000-7f9154000000 ---p 00000000 00:00 0 
7f91544fe000-7f91546e8000 rw-p 00000000 00:00 0 
7f91546e8000-7f91546fe000 ---p 00000000 00:00 0 
7f91546fe000-7f91548fe000 rw-p 00000000 00:00 0 
7f91548fe000-7f9154afe000 rw-p 00000000 00:00 0 
7f9154afe000-7f9154cfe000 rw-p 00000000 00:00 0 
7f9154cfe000-7f9154efe000 rw-p 00000000 00:00 0 
7f9154efe000-7f9154f01000 ---p 00000000 00:00 0 
7f9154f01000-7f9158000000 rw-p 00000000 00:00 0 
7f9158000000-7f9158021000 rw-p 00000000 00:00 0 
7f9158021000-7f915c000000 ---p 00000000 00:00 0 
7f915c0a7000-7f915c2a7000 rw-p 00000000 00:00 0 
7f915c2a7000-7f915c4a7000 rw-p 00000000 00:00 0 
7f915c4a7000-7f915c6a7000 rw-p 00000000 00:00 0 
7f915c6a7000-7f915c8a7000 rw-p 00000000 00:00 0 
7f915c8a7000-7f915c8aa000 ---p 00000000 00:00 0 
7f915c8aa000-7f915cba8000 rw-p 00000000 00:00 0 
7f915cba8000-7f915cda8000 rw-p 00000000 00:00 0 
7f915cda8000-7f915cdab000 ---p 00000000 00:00 0 
7f915cdab000-7f915cea9000 rw-p 00000000 00:00 0 
7f915cea9000-7f915ceac000 ---p 00000000 00:00 0 
7f915ceac000-7f915cfaa000 rw-p 00000000 00:00 0 
7f915cfaa000-7f915cfad000 ---p 00000000 00:00 0 
7f915cfad000-7f915d0ab000 rw-p 00000000 00:00 0 
7f915d0ab000-7f915d0ae000 ---p 00000000 00:00 0 
7f915d0ae000-7f915d1ac000 rw-p 00000000 00:00 0 
7f915d1ac000-7f915d1ad000 ---p 00000000 00:00 0 
7f915d1ad000-7f915d2ad000 rw-p 00000000 00:00 0 
7f915d2ad000-7f915d2b0000 ---p 00000000 00:00 0 
7f915d2b0000-7f915d3ae000 rw-p 00000000 00:00 0 
7f915d3ae000-7f915d3b1000 ---p 00000000 00:00 0 
7f915d3b1000-7f915d4af000 rw-p 00000000 00:00 0 
7f915d4af000-7f915d4b2000 ---p 00000000 00:00 0 
7f915d4b2000-7f9160000000 rw-p 00000000 00:00 0 
7f9160000000-7f9160021000 rw-p 00000000 00:00 0 
7f9160021000-7f9164000000 ---p 00000000 00:00 0 
7f9164089000-7f9164093000 r--s 00116000 08:11 3147157                    /usr/lib/jvm/java-8-openjdk/jre/lib/ext/localedata.jar
7f9164093000-7f91640af000 r--s 00393000 08:11 3147154                    /usr/lib/jvm/java-8-openjdk/jre/lib/ext/cldrdata.jar
7f91640af000-7f91640b4000 r--s 0009d000 08:11 3147179                    /usr/lib/jvm/java-8-openjdk/jre/lib/jsse.jar
7f91640b4000-7f91640bb000 r--p 00000000 08:11 3147133                    /usr/lib/jvm/java-8-openjdk/jre/lib/amd64/libnio.so
7f91640bb000-7f91640c3000 r-xp 00007000 08:11 3147133                    /usr/lib/jvm/java-8-openjdk/jre/lib/amd64/libnio.so
7f91640c3000-7f91640c6000 r--p 0000f000 08:11 3147133                    /usr/lib/jvm/java-8-openjdk/jre/lib/amd64/libnio.so
7f91640c6000-7f91640c7000 ---p 00012000 08:11 3147133                    /usr/lib/jvm/java-8-openjdk/jre/lib/amd64/libnio.so
7f91640c7000-7f91640c8000 r--p 00012000 08:11 3147133                    /usr/lib/jvm/java-8-openjdk/jre/lib/amd64/libnio.so
7f91640c8000-7f91640c9000 rw-p 00013000 08:11 3147133                    /usr/lib/jvm/java-8-openjdk/jre/lib/amd64/libnio.so
7f91640c9000-7f91640cd000 r--p 00000000 08:11 3147130                    /usr/lib/jvm/java-8-openjdk/jre/lib/amd64/libmanagement.so
7f91640cd000-7f91640d0000 r-xp 00004000 08:11 3147130                    /usr/lib/jvm/java-8-openjdk/jre/lib/amd64/libmanagement.so
7f91640d0000-7f91640d2000 r--p 00007000 08:11 3147130                    /usr/lib/jvm/java-8-openjdk/jre/lib/amd64/libmanagement.so
7f91640d2000-7f91640d3000 r--p 00008000 08:11 3147130                    /usr/lib/jvm/java-8-openjdk/jre/lib/amd64/libmanagement.so
7f91640d3000-7f91640d4000 rw-p 00009000 08:11 3147130                    /usr/lib/jvm/java-8-openjdk/jre/lib/amd64/libmanagement.so
7f91640d4000-7f91640d7000 ---p 00000000 00:00 0 
7f91640d7000-7f91641d5000 rw-p 00000000 00:00 0 
7f91641d5000-7f91641da000 r--p 00000000 08:11 3147132                    /usr/lib/jvm/java-8-openjdk/jre/lib/amd64/libnet.so
7f91641da000-7f91641e9000 r-xp 00005000 08:11 3147132                    /usr/lib/jvm/java-8-openjdk/jre/lib/amd64/libnet.so
7f91641e9000-7f91641ed000 r--p 00014000 08:11 3147132                    /usr/lib/jvm/java-8-openjdk/jre/lib/amd64/libnet.so
7f91641ed000-7f91641ee000 r--p 00017000 08:11 3147132                    /usr/lib/jvm/java-8-openjdk/jre/lib/amd64/libnet.so
7f91641ee000-7f91641ef000 rw-p 00018000 08:11 3147132                    /usr/lib/jvm/java-8-openjdk/jre/lib/amd64/libnet.so
7f91641ef000-7f91641f0000 ---p 00000000 00:00 0 
7f91641f0000-7f91641f3000 ---p 00000000 00:00 0 
7f91641f3000-7f91642f0000 rw-p 00000000 00:00 0 
7f91642f0000-7f91642f1000 ---p 00000000 00:00 0 
7f91642f1000-7f91642f4000 ---p 00000000 00:00 0 
7f91642f4000-7f91643f1000 rw-p 00000000 00:00 0 
7f91643f1000-7f91643f2000 ---p 00000000 00:00 0 
7f91643f2000-7f91643f5000 ---p 00000000 00:00 0 
7f91643f5000-7f91644f2000 rw-p 00000000 00:00 0 
7f91644f2000-7f91644f5000 ---p 00000000 00:00 0 
7f91644f5000-7f91645f3000 rw-p 00000000 00:00 0 
7f91645f3000-7f91645f5000 r--s 0001a000 08:11 1179792                    /opt/intellij-idea-ultimate-edition/lib/idea_rt.jar
7f91645f5000-7f91645fb000 r--s 00039000 08:11 8651590                    /home/turangos/.gradle/caches/modules-2/files-2.1/org.apache.logging.log4j/log4j-api/2.10.0/fec5797a55b786184a537abd39c3fa1449d752d6/log4j-api-2.10.0.jar
7f91645fb000-7f9164606000 r--s 00069000 08:11 8651585                    /home/turangos/.gradle/caches/modules-2/files-2.1/ch.qos.logback/logback-core/1.2.3/864344400c3d4d92dfeb0a305dc87d953677c03c/logback-core-1.2.3.jar
7f9164606000-7f916460b000 r--s 0004b000 08:11 8651583                    /home/turangos/.gradle/caches/modules-2/files-2.1/com.fasterxml.jackson.core/jackson-core/2.9.6/4e393793c37c77e042ccc7be5a914ae39251b365/jackson-core-2.9.6.jar
7f916460b000-7f916460e000 r--s 0000e000 08:11 8651579                    /home/turangos/.gradle/caches/modules-2/files-2.1/com.fasterxml.jackson.core/jackson-annotations/2.9.0/7c10d545325e3a6e72e06381afe469fd40eb701/jackson-annotations-2.9.0.jar
7f916460e000-7f9164610000 r--s 00004000 08:11 8650966                    /home/turangos/.gradle/caches/modules-2/files-2.1/org.springframework/spring-jcl/5.0.9.RELEASE/bc3b5aaae53f0bc03647e53ecbd98a05b47a4e90/spring-jcl-5.0.9.RELEASE.jar
7f9164610000-7f9164615000 r--s 00048000 08:11 8913022                    /home/turangos/.gradle/caches/modules-2/files-2.1/dom4j/dom4j/1.6.1/5d3ccc056b6f056dbf0dddfdf43894b9065a8f94/dom4j-1.6.1.jar
7f9164615000-7f9164618000 r--s 0002b000 08:11 8913024                    /home/turangos/.gradle/caches/modules-2/files-2.1/org.jboss/jandex/2.0.3.Final/bfc4d6257dbff7a33a357f0de116be6ff951d849/jandex-2.0.3.Final.jar
7f9164618000-7f916461d000 r--s 00068000 08:11 8913020                    /home/turangos/.gradle/caches/modules-2/files-2.1/antlr/antlr/2.7.7/83cd2cd674a217ade95a4bb83a8a14f351f48bd0/antlr-2.7.7.jar
7f916461d000-7f9164627000 r--s 000ab000 08:11 8913026                    /home/turangos/.gradle/caches/modules-2/files-2.1/org.javassist/javassist/3.22.0-GA/3e83394258ae2089be7219b971ec21a8288528ad/javassist-3.22.0-GA.jar
7f9164627000-7f916462c000 r--s 00017000 08:11 8913028                    /home/turangos/.gradle/caches/modules-2/files-2.1/org.hibernate.javax.persistence/hibernate-jpa-2.1-api/1.0.2.Final/52afb5762c704a6b586e27742470c08f91877fc1/hibernate-jpa-2.1-api-1.0.2.Final.jar
7f916462c000-7f9164645000 r--s 001bf000 08:11 8913032                    /home/turangos/.gradle/caches/modules-2/files-2.1/org.aspectj/aspectjweaver/1.8.13/ad94df2a28d658a40dc27bbaff6a1ce5fbf04e9b/aspectjweaver-1.8.13.jar
7f9164645000-7f9164647000 r--s 0000e000 08:11 8651568                    /home/turangos/.gradle/caches/modules-2/files-2.1/com.fasterxml/classmate/1.3.4/3d5f48f10bbe4eb7bd862f10c0583be2e0053c6/classmate-1.3.4.jar
7f9164647000-7f9164649000 r--s 0000f000 08:11 8651566                    /home/turangos/.gradle/caches/modules-2/files-2.1/org.jboss.logging/jboss-logging/3.3.2.Final/3789d00e859632e6c6206adc0c71625559e6e3b0/jboss-logging-3.3.2.Final.jar
7f9164649000-7f916464c000 r--s 00010000 08:11 8913012                    /home/turangos/.gradle/caches/modules-2/files-2.1/org.hibernate.common/hibernate-commons-annotations/5.0.1.Final/71e1cff3fcb20d3b3af4f3363c3ddb24d33c6879/hibernate-commons-annotations-5.0.1.Final.jar
7f916464c000-7f9164651000 r--s 00012000 08:11 8651559                    /home/turangos/.gradle/caches/modules-2/files-2.1/javax.validation/validation-api/2.0.1.Final/cb855558e6271b1b32e716d24cb85c7f583ce09e/validation-api-2.0.1.Final.jar
7f9164651000-7f9164656000 r--s 00038000 08:11 8651557                    /home/turangos/.gradle/caches/modules-2/files-2.1/org.apache.tomcat.embed/tomcat-embed-el/8.5.34/be71a9a5bdd001db7cf97c47429eec0bdd3b7b88/tomcat-embed-el-8.5.34.jar
7f9164656000-7f9164680000 r--s 002d5000 08:11 8651570                    /home/turangos/.gradle/caches/modules-2/files-2.1/org.apache.tomcat.embed/tomcat-embed-core/8.5.34/a038040d68a90397f95dd1e11b979fe364a5000f/tomcat-embed-core-8.5.34.jar
7f9164680000-7f9164685000 r--s 0003a000 08:11 8651555                    /home/turangos/.gradle/caches/modules-2/files-2.1/org.apache.tomcat.embed/tomcat-embed-websocket/8.5.34/5f86906367c2540b21e6aeecc277d2ce9ec939b0/tomcat-embed-websocket-8.5.34.jar
7f9164685000-7f9164698000 r--s 00137000 08:11 8651564                    /home/turangos/.gradle/caches/modules-2/files-2.1/com.fasterxml.jackson.core/jackson-databind/2.9.6/cfa4f316351a91bfd95cb0644c6a2c95f52db1fc/jackson-databind-2.9.6.jar
7f9164698000-7f916469a000 r--s 00001000 08:11 8651553                    /home/turangos/.gradle/caches/modules-2/files-2.1/com.fasterxml.jackson.module/jackson-module-parameter-names/2.9.6/129acd77a4b6ee30d62d3a0899b1344c8ec2bff8/jackson-module-parameter-names-2.9.6.jar
7f916469a000-7f916469d000 r--s 00016000 08:11 8651551                    /home/turangos/.gradle/caches/modules-2/files-2.1/com.fasterxml.jackson.datatype/jackson-datatype-jsr310/2.9.6/ea54f6193d224e5e5732bbd4262327eb465397c2/jackson-datatype-jsr310-2.9.6.jar
7f916469d000-7f916469f000 r--s 00007000 08:11 8651544                    /home/turangos/.gradle/caches/modules-2/files-2.1/com.fasterxml.jackson.datatype/jackson-datatype-jdk8/2.9.6/456895fc91bf7180b216fead220373e6278230c9/jackson-datatype-jdk8-2.9.6.jar
7f916469f000-7f91646a6000 r--s 00042000 08:11 8651546                    /home/turangos/.gradle/caches/modules-2/files-2.1/org.yaml/snakeyaml/1.19/2d998d3d674b172a588e54ab619854d073f555b5/snakeyaml-1.19.jar
7f91646a6000-7f91646be000 r--s 00114000 08:11 8650972                    /home/turangos/.gradle/caches/modules-2/files-2.1/org.springframework/spring-core/5.0.9.RELEASE/9f9a828936d81afd49a603bda9cc1aed863a0d85/spring-core-5.0.9.RELEASE.jar
7f91646be000-7f91646c3000 r--s 00040000 08:11 8651536                    /home/turangos/.gradle/caches/modules-2/files-2.1/org.springframework/spring-expression/5.0.9.RELEASE/1f9db5ff3a758102c0434cc3457aa47c50c39a4a/spring-expression-5.0.9.RELEASE.jar
7f91646c3000-7f91646d0000 r--s 00095000 08:11 8651540                    /home/turangos/.gradle/caches/modules-2/files-2.1/org.springframework/spring-beans/5.0.9.RELEASE/65f56fdab1bb90ad059e314d2f2f4cf76f9bdbde/spring-beans-5.0.9.RELEASE.jar
7f91646d0000-7f91646d8000 r--s 00037000 08:11 8784028                    /home/turangos/.gradle/caches/modules-2/files-2.1/org.springframework/spring-tx/5.0.9.RELEASE/d3a13fc3c56bdddd8144a686ed64f0cdb3ad7305/spring-tx-5.0.9.RELEASE.jar
7f91646d8000-7f91646e1000 r--s 00059000 08:11 8913124                    /home/turangos/.gradle/caches/modules-2/files-2.1/org.springframework/spring-jdbc/5.0.9.RELEASE/2f38726ef2f5ecb72af7e915dac43177b01a8f53/spring-jdbc-5.0.9.RELEASE.jar
7f91646e1000-7f91646e5000 r--s 0002b000 08:11 8913122                    /home/turangos/.gradle/caches/modules-2/files-2.1/org.springframework/spring-orm/5.0.9.RELEASE/bb9265effd7c903f4cc1c98d16b4188b7827a1cc/spring-orm-5.0.9.RELEASE.jar
7f91646e5000-7f91646ee000 r--s 00051000 08:11 8651538                    /home/turangos/.gradle/caches/modules-2/files-2.1/org.springframework/spring-aop/5.0.9.RELEASE/98003b099697fe46b6bdf18c7e3f66d7a1381060/spring-aop-5.0.9.RELEASE.jar
7f91646ee000-7f91646f0000 r--s 00005000 08:11 8651529                    /home/turangos/.gradle/caches/modules-2/files-2.1/javax.annotation/javax.annotation-api/1.3.2/934c04d3cfef185a8008e7bf34331b79730a9d43/javax.annotation-api-1.3.2.jar
7f91646f0000-7f916470a000 r--s 000f1000 08:11 8651534                    /home/turangos/.gradle/caches/modules-2/files-2.1/org.springframework/spring-context/5.0.9.RELEASE/2501e55acb6c2e84667cda3f845d1d00a0dc4e05/spring-context-5.0.9.RELEASE.jar
7f916470a000-7f916471f000 r--s 000d0000 08:11 8651592                    /home/turangos/.gradle/caches/modules-2/files-2.1/org.springframework.boot/spring-boot/2.0.5.RELEASE/19a4624cbd89a318d10c79f289c6c816043850fb/spring-boot-2.0.5.RELEASE.jar
7f916471f000-7f9164740000 r--s 000fe000 08:11 8651524                    /home/turangos/.gradle/caches/modules-2/files-2.1/org.springframework.boot/spring-boot-autoconfigure/2.0.5.RELEASE/e5588642799e0c0c04638e255c3d3f31ba400ff4/spring-boot-autoconfigure-2.0.5.RELEASE.jar
7f9164740000-7f9164744000 r--s 00028000 08:11 9044163                    /home/turangos/.gradle/caches/modules-2/files-2.1/org.springframework/spring-context-support/5.0.9.RELEASE/70513a5860ced0660834bc590b435fc7b73902ea/spring-context-support-5.0.9.RELEASE.jar
7f9164744000-7f9164746000 r--s 0000a000 08:11 8913014                    /home/turangos/.gradle/caches/modules-2/files-2.1/org.springframework/spring-aspects/5.0.9.RELEASE/dfb2da4c573391d8e8a482f08bdf4d38398e2bb0/spring-aspects-5.0.9.RELEASE.jar
7f9164746000-7f91647c4000 r--s 005f0000 08:11 8913034                    /home/turangos/.gradle/caches/modules-2/files-2.1/org.hibernate/hibernate-core/5.2.17.Final/f2dc36470e7a2ffcf6106bb1625ecf5b54bb5f65/hibernate-core-5.2.17.Final.jar
7f91647c4000-7f91647c6000 r--s 00006000 08:11 8913010                    /home/turangos/.gradle/caches/modules-2/files-2.1/javax.transaction/javax.transaction-api/1.2/d81aff979d603edd90dcd8db2abc1f4ce6479e3e/javax.transaction-api-1.2.jar
7f91647c6000-7f91647e0000 r--s 0011b000 08:11 8651525                    /home/turangos/.gradle/caches/modules-2/files-2.1/org.springframework/spring-web/5.0.9.RELEASE/1ea3aab93340849313fa74ec626ddaf1fff9ed8e/spring-web-5.0.9.RELEASE.jar
7f91647e0000-7f91647ef000 r--s 000b3000 08:11 8651522                    /home/turangos/.gradle/caches/modules-2/files-2.1/org.springframework/spring-webmvc/5.0.9.RELEASE/c18346caaeb8dc648c4cc01874996fd9fef76664/spring-webmvc-5.0.9.RELEASE.jar
7f91647ef000-7f916480c000 r--s 000fe000 08:11 8651549                    /home/turangos/.gradle/caches/modules-2/files-2.1/org.hibernate.validator/hibernate-validator/6.0.12.Final/478003e61b056c1f97840ba3e62ff31cdc89597/hibernate-validator-6.0.12.Final.jar
7f916480c000-7f916480d000 r--s 00000000 08:11 8651542                    /home/turangos/.gradle/caches/modules-2/files-2.1/org.springframework.boot/spring-boot-starter-tomcat/2.0.5.RELEASE/eaac8a5d73b45400bc88cd7f6b5c99b5f0d5e9b7/spring-boot-starter-tomcat-2.0.5.RELEASE.jar
7f916480d000-7f916480f000 r--s 00009000 08:11 8651581                    /home/turangos/.gradle/caches/modules-2/files-2.1/org.slf4j/slf4j-api/1.7.25/da76ca59f6a57ee3102f8f9bd9cee742973efa8a/slf4j-api-1.7.25.jar
7f916480f000-7f9164811000 r--s 00000000 08:11 8651574                    /home/turangos/.gradle/caches/modules-2/files-2.1/org.slf4j/jul-to-slf4j/1.7.25/af5364cd6679bfffb114f0dec8a157aaa283b76/jul-to-slf4j-1.7.25.jar
7f9164811000-7f9164813000 r--s 00003000 08:11 8651577                    /home/turangos/.gradle/caches/modules-2/files-2.1/org.apache.logging.log4j/log4j-to-slf4j/2.10.0/f7e631ccf49cfc0aefa4a2a728da7d374c05bd3c/log4j-to-slf4j-2.10.0.jar
7f9164813000-7f9164819000 r--s 00041000 08:11 8651572                    /home/turangos/.gradle/caches/modules-2/files-2.1/ch.qos.logback/logback-classic/1.2.3/7c4f3c474fb2c041d8028740440937705ebb473a/logback-classic-1.2.3.jar
7f9164819000-7f916481a000 r--s 00000000 08:11 8651527                    /home/turangos/.gradle/caches/modules-2/files-2.1/org.springframework.boot/spring-boot-starter-logging/2.0.5.RELEASE/c353e0b9591d0765c687ff0a678478cbebfd5c23/spring-boot-starter-logging-2.0.5.RELEASE.jar
7f916481a000-7f916481b000 r--s 00000000 08:11 8651515                    /home/turangos/.gradle/caches/modules-2/files-2.1/org.springframework.boot/spring-boot-starter/2.0.5.RELEASE/1f53487a373be18d064a5815e9bac9882ef15cdc/spring-boot-starter-2.0.5.RELEASE.jar
7f916481b000-7f916481c000 r--s 00000000 08:11 8913006                    /home/turangos/.gradle/caches/modules-2/files-2.1/org.springframework.boot/spring-boot-starter-aop/2.0.5.RELEASE/6bc1e8bcc849772d48cae1e8278cd2b471361698/spring-boot-starter-aop-2.0.5.RELEASE.jar
7f916481c000-7f916481d000 r--s 00000000 08:11 8651517                    /home/turangos/.gradle/caches/modules-2/files-2.1/org.springframework.boot/spring-boot-starter-json/2.0.5.RELEASE/d0052ded4733ceb1fb7d927238f22f9a92099227/spring-boot-starter-json-2.0.5.RELEASE.jar
7f916481d000-7f9164834000 r--s 000f2000 08:11 8913030                    /home/turangos/.gradle/caches/modules-2/files-2.1/org.springframework.data/spring-data-commons/2.0.10.RELEASE/64d4e58a2b16b9446d51a2650058d821a5bce98d/spring-data-commons-2.0.10.RELEASE.jar
7f9164834000-7f9164838000 r--s 00020000 08:11 8913018                    /home/turangos/.gradle/caches/modules-2/files-2.1/com.zaxxer/HikariCP/2.7.9/a83113d2c091d0d0f853dad3217bd7df3beb6ae3/HikariCP-2.7.9.jar
7f9164838000-7f9164839000 r--s 00000000 08:11 8913008                    /home/turangos/.gradle/caches/modules-2/files-2.1/org.springframework.boot/spring-boot-starter-jdbc/2.0.5.RELEASE/9a5370acc7c5e17f4a00578211fbbd212b9a8329/spring-boot-starter-jdbc-2.0.5.RELEASE.jar
7f9164839000-7f9164841000 r--s 0004c000 08:11 8913016                    /home/turangos/.gradle/caches/modules-2/files-2.1/org.springframework.data/spring-data-jpa/2.0.10.RELEASE/a6e644c363d050c6c90f078f4f0ac66892f60d54/spring-data-jpa-2.0.10.RELEASE.jar
7f9164841000-7f9164842000 r--s 00000000 08:11 9044107                    /home/turangos/.gradle/caches/modules-2/files-2.1/org.springframework.boot/spring-boot-starter-cache/2.0.5.RELEASE/eaaa9e0df3a734a4539ef5e32d26f1ba4477fc73/spring-boot-starter-cache-2.0.5.RELEASE.jar
7f9164842000-7f9164843000 r--s 00000000 08:11 8913004                    /home/turangos/.gradle/caches/modules-2/files-2.1/org.springframework.boot/spring-boot-starter-data-jpa/2.0.5.RELEASE/c99b58e8ada11478aa5d0c3065745b7e887f094e/spring-boot-starter-data-jpa-2.0.5.RELEASE.jar
7f9164843000-7f9164858000 r--s 000e3000 08:11 9044333                    /home/turangos/.gradle/caches/modules-2/files-2.1/net.sf.ehcache/ehcache-core/2.4.6/5fa26910a264313f71f1bc669c22608514543d5b/ehcache-core-2.4.6.jar
7f9164858000-7f916485b000 ---p 00000000 00:00 0 
7f916485b000-7f9164959000 rw-p 00000000 00:00 0 
7f9164959000-7f9164eff000 r--p 00000000 08:11 2112135                    /usr/lib/locale/locale-archive
7f9164eff000-7f9164f02000 ---p 00000000 00:00 0 
7f9164f02000-7f9165000000 rw-p 00000000 00:00 0 
7f9165000000-7f9165610000 rwxp 00000000 00:00 0 
7f9165610000-7f9174000000 ---p 00000000 00:00 0 
7f9174000000-7f9174d99000 rw-p 00000000 00:00 0 
7f9174d99000-7f9178000000 ---p 00000000 00:00 0 
7f9178000000-7f9178007000 r--s 000b5000 08:11 9044476                    /home/turangos/.gradle/caches/modules-2/files-2.1/mysql/mysql-connector-java/5.1.13/631249c6055be15a1fab26b3c28a3e5c6f3d97e0/mysql-connector-java-5.1.13.jar
7f9178007000-7f917801a000 r--s 00346000 08:11 3147198                    /usr/lib/jvm/java-8-openjdk/jre/lib/resources.jar
7f917801a000-7f917801f000 r--s 0009d000 08:11 3147179                    /usr/lib/jvm/java-8-openjdk/jre/lib/jsse.jar
7f917801f000-7f9178024000 r--s 002f9000 08:11 3147145                    /usr/lib/jvm/java-8-openjdk/jre/lib/charsets.jar
7f9178024000-7f9178027000 ---p 00000000 00:00 0 
7f9178027000-7f9178125000 rw-p 00000000 00:00 0 
7f9178125000-7f9178126000 ---p 00000000 00:00 0 
7f9178126000-7f9179183000 rw-p 00000000 00:00 0 
7f9179183000-7f9179353000 r--s 03c31000 08:11 3147199                    /usr/lib/jvm/java-8-openjdk/jre/lib/rt.jar
7f9179353000-7f9179ee4000 rw-p 00000000 00:00 0 
7f9179ee4000-7f9179ee5000 ---p 00000000 00:00 0 
7f9179ee5000-7f9179fe5000 rw-p 00000000 00:00 0 
7f9179fe5000-7f9179fe6000 ---p 00000000 00:00 0 
7f9179fe6000-7f917a0e6000 rw-p 00000000 00:00 0 
7f917a0e6000-7f917a0e7000 ---p 00000000 00:00 0 
7f917a0e7000-7f917a1e7000 rw-p 00000000 00:00 0 
7f917a1e7000-7f917a1e8000 ---p 00000000 00:00 0 
7f917a1e8000-7f917a2f9000 rw-p 00000000 00:00 0 
7f917a2f9000-7f917a4ac000 ---p 00000000 00:00 0 
7f917a4ac000-7f917a4bd000 rw-p 00000000 00:00 0 
7f917a4bd000-7f917a66f000 ---p 00000000 00:00 0 
7f917a66f000-7f917a6c8000 rw-p 00000000 00:00 0 
7f917a6c8000-7f917a751000 ---p 00000000 00:00 0 
7f917a751000-7f917a76b000 rw-p 00000000 00:00 0 
7f917a76b000-7f917ab12000 ---p 00000000 00:00 0 
7f917ab12000-7f917ab15000 r--p 00000000 08:11 3147140                    /usr/lib/jvm/java-8-openjdk/jre/lib/amd64/libzip.so
7f917ab15000-7f917ab19000 r-xp 00003000 08:11 3147140                    /usr/lib/jvm/java-8-openjdk/jre/lib/amd64/libzip.so
7f917ab19000-7f917ab1b000 r--p 00007000 08:11 3147140                    /usr/lib/jvm/java-8-openjdk/jre/lib/amd64/libzip.so
7f917ab1b000-7f917ab1c000 r--p 00008000 08:11 3147140                    /usr/lib/jvm/java-8-openjdk/jre/lib/amd64/libzip.so
7f917ab1c000-7f917ab1d000 rw-p 00009000 08:11 3147140                    /usr/lib/jvm/java-8-openjdk/jre/lib/amd64/libzip.so
7f917ab1d000-7f917ab25000 rw-s 00000000 00:27 76                         /tmp/hsperfdata_turangos/8437
7f917ab25000-7f917ab32000 r--p 00000000 08:11 3147122                    /usr/lib/jvm/java-8-openjdk/jre/lib/amd64/libjava.so
7f917ab32000-7f917ab4b000 r-xp 0000d000 08:11 3147122                    /usr/lib/jvm/java-8-openjdk/jre/lib/amd64/libjava.so
7f917ab4b000-7f917ab52000 r--p 00026000 08:11 3147122                    /usr/lib/jvm/java-8-openjdk/jre/lib/amd64/libjava.so
7f917ab52000-7f917ab53000 ---p 0002d000 08:11 3147122                    /usr/lib/jvm/java-8-openjdk/jre/lib/amd64/libjava.so
7f917ab53000-7f917ab54000 r--p 0002d000 08:11 3147122                    /usr/lib/jvm/java-8-openjdk/jre/lib/amd64/libjava.so
7f917ab54000-7f917ab55000 rw-p 0002e000 08:11 3147122                    /usr/lib/jvm/java-8-openjdk/jre/lib/amd64/libjava.so
7f917ab55000-7f917ab56000 rw-p 00000000 00:00 0 
7f917ab56000-7f917ab58000 r--p 00000000 08:11 2105700                    /usr/lib/librt-2.28.so
7f917ab58000-7f917ab5c000 r-xp 00002000 08:11 2105700                    /usr/lib/librt-2.28.so
7f917ab5c000-7f917ab5e000 r--p 00006000 08:11 2105700                    /usr/lib/librt-2.28.so
7f917ab5e000-7f917ab5f000 r--p 00007000 08:11 2105700                    /usr/lib/librt-2.28.so
7f917ab5f000-7f917ab60000 rw-p 00008000 08:11 2105700                    /usr/lib/librt-2.28.so
7f917ab60000-7f917ab61000 ---p 00000000 00:00 0 
7f917ab61000-7f917ab64000 ---p 00000000 00:00 0 
7f917ab64000-7f917ac61000 rw-p 00000000 00:00 0 
7f917ac61000-7f917ac6e000 r--p 00000000 08:11 2105663                    /usr/lib/libm-2.28.so
7f917ac6e000-7f917ad0f000 r-xp 0000d000 08:11 2105663                    /usr/lib/libm-2.28.so
7f917ad0f000-7f917ade4000 r--p 000ae000 08:11 2105663                    /usr/lib/libm-2.28.so
7f917ade4000-7f917ade5000 r--p 00182000 08:11 2105663                    /usr/lib/libm-2.28.so
7f917ade5000-7f917ade6000 rw-p 00183000 08:11 2105663                    /usr/lib/libm-2.28.so
7f917ade6000-7f917afd6000 r--p 00000000 08:11 3147143                    /usr/lib/jvm/java-8-openjdk/jre/lib/amd64/server/libjvm.so
7f917afd6000-7f917b843000 r-xp 001f0000 08:11 3147143                    /usr/lib/jvm/java-8-openjdk/jre/lib/amd64/server/libjvm.so
7f917b843000-7f917b9e1000 r--p 00a5d000 08:11 3147143                    /usr/lib/jvm/java-8-openjdk/jre/lib/amd64/server/libjvm.so
7f917b9e1000-7f917b9e2000 ---p 00bfb000 08:11 3147143                    /usr/lib/jvm/java-8-openjdk/jre/lib/amd64/server/libjvm.so
7f917b9e2000-7f917ba77000 r--p 00bfb000 08:11 3147143                    /usr/lib/jvm/java-8-openjdk/jre/lib/amd64/server/libjvm.so
7f917ba77000-7f917ba9f000 rw-p 00c90000 08:11 3147143                    /usr/lib/jvm/java-8-openjdk/jre/lib/amd64/server/libjvm.so
7f917ba9f000-7f917bad1000 rw-p 00000000 00:00 0 
7f917bad1000-7f917bad7000 r--p 00000000 08:11 2105692                    /usr/lib/libpthread-2.28.so
7f917bad7000-7f917bae6000 r-xp 00006000 08:11 2105692                    /usr/lib/libpthread-2.28.so
7f917bae6000-7f917baec000 r--p 00015000 08:11 2105692                    /usr/lib/libpthread-2.28.so
7f917baec000-7f917baed000 r--p 0001a000 08:11 2105692                    /usr/lib/libpthread-2.28.so
7f917baed000-7f917baee000 rw-p 0001b000 08:11 2105692                    /usr/lib/libpthread-2.28.so
7f917baee000-7f917baf2000 rw-p 00000000 00:00 0 
7f917baf2000-7f917baf3000 r--p 00000000 08:11 2105657                    /usr/lib/libdl-2.28.so
7f917baf3000-7f917baf4000 r-xp 00001000 08:11 2105657                    /usr/lib/libdl-2.28.so
7f917baf4000-7f917baf5000 r--p 00002000 08:11 2105657                    /usr/lib/libdl-2.28.so
7f917baf5000-7f917baf6000 r--p 00002000 08:11 2105657                    /usr/lib/libdl-2.28.so
7f917baf6000-7f917baf7000 rw-p 00003000 08:11 2105657                    /usr/lib/libdl-2.28.so
7f917baf7000-7f917bb0d000 r-xp 00000000 08:11 2102930                    /usr/lib/libz.so.1.2.11
7f917bb0d000-7f917bd0c000 ---p 00016000 08:11 2102930                    /usr/lib/libz.so.1.2.11
7f917bd0c000-7f917bd0d000 r--p 00015000 08:11 2102930                    /usr/lib/libz.so.1.2.11
7f917bd0d000-7f917bd0e000 rw-p 00016000 08:11 2102930                    /usr/lib/libz.so.1.2.11
7f917bd0e000-7f917bd30000 r--p 00000000 08:11 2105648                    /usr/lib/libc-2.28.so
7f917bd30000-7f917be7b000 r-xp 00022000 08:11 2105648                    /usr/lib/libc-2.28.so
7f917be7b000-7f917bec7000 r--p 0016d000 08:11 2105648                    /usr/lib/libc-2.28.so
7f917bec7000-7f917bec8000 ---p 001b9000 08:11 2105648                    /usr/lib/libc-2.28.so
7f917bec8000-7f917becc000 r--p 001b9000 08:11 2105648                    /usr/lib/libc-2.28.so
7f917becc000-7f917bece000 rw-p 001bd000 08:11 2105648                    /usr/lib/libc-2.28.so
7f917bece000-7f917bed2000 rw-p 00000000 00:00 0 
7f917bed2000-7f917bed3000 r--s 00000000 08:11 8651519                    /home/turangos/.gradle/caches/modules-2/files-2.1/org.springframework.boot/spring-boot-starter-web/2.0.5.RELEASE/52daa1f1509bd637a737206e54c06a17aabb9504/spring-boot-starter-web-2.0.5.RELEASE.jar
7f917bed3000-7f917bed4000 r--s 00000000 08:11 3147189                    /usr/lib/jvm/java-8-openjdk/jre/lib/management-agent.jar
7f917bed4000-7f917bed6000 r--s 00016000 08:11 3147177                    /usr/lib/jvm/java-8-openjdk/jre/lib/jce.jar
7f917bed6000-7f917bed9000 r--p 00000000 08:11 2105685                    /usr/lib/libnss_files-2.28.so
7f917bed9000-7f917bee0000 r-xp 00003000 08:11 2105685                    /usr/lib/libnss_files-2.28.so
7f917bee0000-7f917bee3000 r--p 0000a000 08:11 2105685                    /usr/lib/libnss_files-2.28.so
7f917bee3000-7f917bee4000 r--p 0000c000 08:11 2105685                    /usr/lib/libnss_files-2.28.so
7f917bee4000-7f917bee5000 rw-p 0000d000 08:11 2105685                    /usr/lib/libnss_files-2.28.so
7f917bee5000-7f917beeb000 rw-p 00000000 00:00 0 
7f917beeb000-7f917beed000 r--p 00000000 08:11 3147116                    /usr/lib/jvm/java-8-openjdk/jre/lib/amd64/libinstrument.so
7f917beed000-7f917bef3000 r-xp 00002000 08:11 3147116                    /usr/lib/jvm/java-8-openjdk/jre/lib/amd64/libinstrument.so
7f917bef3000-7f917bef6000 r--p 00008000 08:11 3147116                    /usr/lib/jvm/java-8-openjdk/jre/lib/amd64/libinstrument.so
7f917bef6000-7f917bef7000 r--p 0000a000 08:11 3147116                    /usr/lib/jvm/java-8-openjdk/jre/lib/amd64/libinstrument.so
7f917bef7000-7f917bef8000 rw-p 0000b000 08:11 3147116                    /usr/lib/jvm/java-8-openjdk/jre/lib/amd64/libinstrument.so
7f917bef8000-7f917bef9000 rw-p 00000000 00:00 0 
7f917bef9000-7f917befa000 ---p 00000000 00:00 0 
7f917befa000-7f917beff000 r--p 00000000 08:11 3147139                    /usr/lib/jvm/java-8-openjdk/jre/lib/amd64/libverify.so
7f917beff000-7f917bf06000 r-xp 00005000 08:11 3147139                    /usr/lib/jvm/java-8-openjdk/jre/lib/amd64/libverify.so
7f917bf06000-7f917bf08000 r--p 0000c000 08:11 3147139                    /usr/lib/jvm/java-8-openjdk/jre/lib/amd64/libverify.so
7f917bf08000-7f917bf0a000 r--p 0000d000 08:11 3147139                    /usr/lib/jvm/java-8-openjdk/jre/lib/amd64/libverify.so
7f917bf0a000-7f917bf0b000 rw-p 0000f000 08:11 3147139                    /usr/lib/jvm/java-8-openjdk/jre/lib/amd64/libverify.so
7f917bf0b000-7f917bf0d000 r--p 00000000 08:11 3146675                    /usr/lib/jvm/java-8-openjdk/jre/lib/amd64/jli/libjli.so
7f917bf0d000-7f917bf16000 r-xp 00002000 08:11 3146675                    /usr/lib/jvm/java-8-openjdk/jre/lib/amd64/jli/libjli.so
7f917bf16000-7f917bf19000 r--p 0000b000 08:11 3146675                    /usr/lib/jvm/java-8-openjdk/jre/lib/amd64/jli/libjli.so
7f917bf19000-7f917bf1a000 r--p 0000d000 08:11 3146675                    /usr/lib/jvm/java-8-openjdk/jre/lib/amd64/jli/libjli.so
7f917bf1a000-7f917bf1b000 rw-p 0000e000 08:11 3146675                    /usr/lib/jvm/java-8-openjdk/jre/lib/amd64/jli/libjli.so
7f917bf1b000-7f917bf1d000 rw-p 00000000 00:00 0 
7f917bf1d000-7f917bf1f000 r--p 00000000 08:11 2105637                    /usr/lib/ld-2.28.so
7f917bf1f000-7f917bf3e000 r-xp 00002000 08:11 2105637                    /usr/lib/ld-2.28.so
7f917bf3e000-7f917bf46000 r--p 00021000 08:11 2105637                    /usr/lib/ld-2.28.so
7f917bf46000-7f917bf47000 r--p 00028000 08:11 2105637                    /usr/lib/ld-2.28.so
7f917bf47000-7f917bf48000 rw-p 00029000 08:11 2105637                    /usr/lib/ld-2.28.so
7f917bf48000-7f917bf49000 rw-p 00000000 00:00 0 
7ffe16cce000-7ffe16cf2000 rw-p 00000000 00:00 0                          [stack]
7ffe16dbe000-7ffe16dc1000 r--p 00000000 00:00 0                          [vvar]
7ffe16dc1000-7ffe16dc3000 r-xp 00000000 00:00 0                          [vdso]
ffffffffff600000-ffffffffff601000 r-xp 00000000 00:00 0                  [vsyscall]

VM Arguments:
jvm_args: -XX:TieredStopAtLevel=1 -Xverify:none -Dspring.output.ansi.enabled=always -Dcom.sun.management.jmxremote -Dcom.sun.management.jmxremote.port=42533 -Dcom.sun.management.jmxremote.authenticate=false -Dcom.sun.management.jmxremote.ssl=false -Djava.rmi.server.hostname=localhost -Dspring.liveBeansView.mbeanDomain -Dspring.application.admin.enabled=true -javaagent:/opt/intellij-idea-ultimate-edition/lib/idea_rt.jar=37345:/opt/intellij-idea-ultimate-edition/bin -Dfile.encoding=UTF-8 
java_command: hiberExample.Application
java_class_path (initial): /usr/lib/jvm/java-8-openjdk/jre/lib/charsets.jar:/usr/lib/jvm/java-8-openjdk/jre/lib/ext/cldrdata.jar:/usr/lib/jvm/java-8-openjdk/jre/lib/ext/dnsns.jar:/usr/lib/jvm/java-8-openjdk/jre/lib/ext/jaccess.jar:/usr/lib/jvm/java-8-openjdk/jre/lib/ext/localedata.jar:/usr/lib/jvm/java-8-openjdk/jre/lib/ext/nashorn.jar:/usr/lib/jvm/java-8-openjdk/jre/lib/ext/sunec.jar:/usr/lib/jvm/java-8-openjdk/jre/lib/ext/sunjce_provider.jar:/usr/lib/jvm/java-8-openjdk/jre/lib/ext/sunpkcs11.jar:/usr/lib/jvm/java-8-openjdk/jre/lib/ext/zipfs.jar:/usr/lib/jvm/java-8-openjdk/jre/lib/jce.jar:/usr/lib/jvm/java-8-openjdk/jre/lib/jsse.jar:/usr/lib/jvm/java-8-openjdk/jre/lib/management-agent.jar:/usr/lib/jvm/java-8-openjdk/jre/lib/resources.jar:/usr/lib/jvm/java-8-openjdk/jre/lib/rt.jar:/home/turangos/IdeaProjects/HiberExample/out/production/classes:/home/turangos/IdeaProjects/HiberExample/out/production/resources:/home/turangos/.gradle/caches/modules-2/files-2.1/mysql/mysql-connector-java/5.1.13/631249c6055be15a1fab26b3c28a3e5c6f3d97e0/mysql-connector-java-5.1.13.jar:/home/turangos/.gradle/caches/modules-2/files-2.1/net.sf.ehcache/ehcache-core/2.4.6/5fa26910a264313f71f1bc669c22608514543d5b/ehcache-core-2.4.6.jar:/home/turangos/.gradle/caches/modules-2/files-2.1/org.springframework.boot/spring-boot-starter-web/2.0.5.RELEASE/52daa1f1509bd637a737206e54c06a17aabb9504/spring-boot-starter-web-2.0.5.RELEASE.jar:/home/turangos/.gradle/caches/modules-2/files-2.1/org.springframework.boot/spring-boot-starter-data-jpa/2.0.5.RELEASE/c99b58e8ada11478aa5d0c3065745b7e887f094e/spring-boot-starter-data-jpa-2.0.5.RELEASE.jar:/home/turangos/.gradle/caches/modules-2/files-2.1/org.springframework.boot/spring-boot-starter-cache/2.0.5.RELEASE/eaaa9e0df3a734a4539ef5e32d26f1ba4477fc73/spring-boot-starter-cache-2.0.5.RELEASE.jar:/home/turangos/.gradle/caches/modules-2/files-2.1/org.springframework.data/spring-data-jpa/2.0.10.RELEASE/a6e644c363d050c6c90f078f4f0ac66892f60d54/spring-data-jpa-2.0.10.
Launcher Type: SUN_STANDARD

Environment Variables:
PATH=/bin:/usr/bin:/usr/local/bin:/usr/local/sbin:/usr/lib/jvm/default/bin:/usr/bin/site_perl:/usr/bin/vendor_perl:/usr/bin/core_perl
SHELL=/bin/bash
DISPLAY=:0

Signal Handlers:
SIGSEGV: [libjvm.so+0xa2bc40], sa_mask[0]=11111111011111111101111111111110, sa_flags=SA_RESTART|SA_SIGINFO
SIGBUS: [libjvm.so+0xa2bc40], sa_mask[0]=11111111011111111101111111111110, sa_flags=SA_RESTART|SA_SIGINFO
SIGFPE: [libjvm.so+0x8882f0], sa_mask[0]=11111111011111111101111111111110, sa_flags=SA_RESTART|SA_SIGINFO
SIGPIPE: [libjvm.so+0x8882f0], sa_mask[0]=11111111011111111101111111111110, sa_flags=SA_RESTART|SA_SIGINFO
SIGXFSZ: [libjvm.so+0x8882f0], sa_mask[0]=11111111011111111101111111111110, sa_flags=SA_RESTART|SA_SIGINFO
SIGILL: [libjvm.so+0x8882f0], sa_mask[0]=11111111011111111101111111111110, sa_flags=SA_RESTART|SA_SIGINFO
SIGUSR1: SIG_DFL, sa_mask[0]=00000000000000000000000000000000, sa_flags=none
SIGUSR2: [libjvm.so+0x888180], sa_mask[0]=00100000000000000000000000000000, sa_flags=SA_RESTART|SA_SIGINFO
SIGHUP: SIG_IGN, sa_mask[0]=00000000000000000000000000000000, sa_flags=none
SIGINT: [libjvm.so+0x8883b0], sa_mask[0]=11111111011111111101111111111110, sa_flags=SA_RESTART|SA_SIGINFO
SIGTERM: [libjvm.so+0x8883b0], sa_mask[0]=11111111011111111101111111111110, sa_flags=SA_RESTART|SA_SIGINFO
SIGQUIT: [libjvm.so+0x8883b0], sa_mask[0]=11111111011111111101111111111110, sa_flags=SA_RESTART|SA_SIGINFO


---------------  S Y S T E M  ---------------

OS:DISTRIB_ID=ManjaroLinux
DISTRIB_RELEASE=17.1.12
DISTRIB_CODENAME=Hakoila
DISTRIB_DESCRIPTION="Manjaro Linux"

uname:Linux 4.14.71-1-MANJARO #1 SMP PREEMPT Thu Sep 20 05:29:20 UTC 2018 x86_64
libc:glibc 2.28 NPTL 2.28 
rlimit: STACK 8192k, CORE infinity, NPROC 21588, NOFILE 1048576, AS infinity
load average:13,12 5,32 2,54

/proc/meminfo:
MemTotal:        5540464 kB
MemFree:           95872 kB
MemAvailable:       4752 kB
Buffers:             712 kB
Cached:           231040 kB
SwapCached:            0 kB
Active:          5010972 kB
Inactive:         209228 kB
Active(anon):    5000384 kB
Inactive(anon):   194252 kB
Active(file):      10588 kB
Inactive(file):    14976 kB
Unevictable:          16 kB
Mlocked:              16 kB
SwapTotal:             0 kB
SwapFree:              0 kB
Dirty:                56 kB
Writeback:          6424 kB
AnonPages:       4988716 kB
Mapped:           124776 kB
Shmem:            205936 kB
Slab:             104140 kB
SReclaimable:      47828 kB
SUnreclaim:        56312 kB
KernelStack:       11728 kB
PageTables:        37292 kB
NFS_Unstable:          0 kB
Bounce:                0 kB
WritebackTmp:          0 kB
CommitLimit:     2770232 kB
Committed_AS:    9196724 kB
VmallocTotal:   34359738367 kB
VmallocUsed:           0 kB
VmallocChunk:          0 kB
HardwareCorrupted:     0 kB
AnonHugePages:   2033664 kB
ShmemHugePages:        0 kB
ShmemPmdMapped:        0 kB
HugePages_Total:       0
HugePages_Free:        0
HugePages_Rsvd:        0
HugePages_Surp:        0
Hugepagesize:       2048 kB
DirectMap4k:      151576 kB
DirectMap2M:     5564416 kB


CPU:total 4 (initial active 4) (2 cores per cpu, 2 threads per core) family 6 model 58 stepping 9, cmov, cx8, fxsr, mmx, sse, sse2, sse3, ssse3, sse4.1, sse4.2, popcnt, avx, aes, clmul, erms, ht, tsc, tscinvbit, tscinv

/proc/cpuinfo:
processor	: 0
vendor_id	: GenuineIntel
cpu family	: 6
model		: 58
model name	: Intel(R) Core(TM) i5-3230M CPU @ 2.60GHz
stepping	: 9
microcode	: 0x20
cpu MHz		: 1197.372
cache size	: 3072 KB
physical id	: 0
siblings	: 4
core id		: 0
cpu cores	: 2
apicid		: 0
initial apicid	: 0
fpu		: yes
fpu_exception	: yes
cpuid level	: 13
wp		: yes
flags		: fpu vme de pse tsc msr pae mce cx8 apic sep mtrr pge mca cmov pat pse36 clflush dts acpi mmx fxsr sse sse2 ss ht tm pbe syscall nx rdtscp lm constant_tsc arch_perfmon pebs bts rep_good nopl xtopology nonstop_tsc cpuid aperfmperf pni pclmulqdq dtes64 monitor ds_cpl vmx est tm2 ssse3 cx16 xtpr pdcm pcid sse4_1 sse4_2 x2apic popcnt tsc_deadline_timer aes xsave avx f16c rdrand lahf_lm cpuid_fault epb pti ssbd ibrs ibpb stibp tpr_shadow vnmi flexpriority ept vpid fsgsbase smep erms xsaveopt dtherm ida arat pln pts flush_l1d
bugs		: cpu_meltdown spectre_v1 spectre_v2 spec_store_bypass l1tf
bogomips	: 5190.71
clflush size	: 64
cache_alignment	: 64
address sizes	: 36 bits physical, 48 bits virtual
power management:

processor	: 1
vendor_id	: GenuineIntel
cpu family	: 6
model		: 58
model name	: Intel(R) Core(TM) i5-3230M CPU @ 2.60GHz
stepping	: 9
microcode	: 0x20
cpu MHz		: 1197.746
cache size	: 3072 KB
physical id	: 0
siblings	: 4
core id		: 1
cpu cores	: 2
apicid		: 2
initial apicid	: 2
fpu		: yes
fpu_exception	: yes
cpuid level	: 13
wp		: yes
flags		: fpu vme de pse tsc msr pae mce cx8 apic sep mtrr pge mca cmov pat pse36 clflush dts acpi mmx fxsr sse sse2 ss ht tm pbe syscall nx rdtscp lm constant_tsc arch_perfmon pebs bts rep_good nopl xtopology nonstop_tsc cpuid aperfmperf pni pclmulqdq dtes64 monitor ds_cpl vmx est tm2 ssse3 cx16 xtpr pdcm pcid sse4_1 sse4_2 x2apic popcnt tsc_deadline_timer aes xsave avx f16c rdrand lahf_lm cpuid_fault epb pti ssbd ibrs ibpb stibp tpr_shadow vnmi flexpriority ept vpid fsgsbase smep erms xsaveopt dtherm ida arat pln pts flush_l1d
bugs		: cpu_meltdown spectre_v1 spectre_v2 spec_store_bypass l1tf
bogomips	: 5190.71
clflush size	: 64
cache_alignment	: 64
address sizes	: 36 bits physical, 48 bits virtual
power management:

processor	: 2
vendor_id	: GenuineIntel
cpu family	: 6
model		: 58
model name	: Intel(R) Core(TM) i5-3230M CPU @ 2.60GHz
stepping	: 9
microcode	: 0x20
cpu MHz		: 1197.367
cache size	: 3072 KB
physical id	: 0
siblings	: 4
core id		: 0
cpu cores	: 2
apicid		: 1
initial apicid	: 1
fpu		: yes
fpu_exception	: yes
cpuid level	: 13
wp		: yes
flags		: fpu vme de pse tsc msr pae mce cx8 apic sep mtrr pge mca cmov pat pse36 clflush dts acpi mmx fxsr sse sse2 ss ht tm pbe syscall nx rdtscp lm constant_tsc arch_perfmon pebs bts rep_good nopl xtopology nonstop_tsc cpuid aperfmperf pni pclmulqdq dtes64 monitor ds_cpl vmx est tm2 ssse3 cx16 xtpr pdcm pcid sse4_1 sse4_2 x2apic popcnt tsc_deadline_timer aes xsave avx f16c rdrand lahf_lm cpuid_fault epb pti ssbd ibrs ibpb stibp tpr_shadow vnmi flexpriority ept vpid fsgsbase smep erms xsaveopt dtherm ida arat pln pts flush_l1d
bugs		: cpu_meltdown spectre_v1 spectre_v2 spec_store_bypass l1tf
bogomips	: 5190.71
clflush size	: 64
cache_alignment	: 64
address sizes	: 36 bits physical, 48 bits virtual
power management:

processor	: 3
vendor_id	: GenuineIntel
cpu family	: 6
model		: 58
model name	: Intel(R) Core(TM) i5-3230M CPU @ 2.60GHz
stepping	: 9
microcode	: 0x20
cpu MHz		: 1197.337
cache size	: 3072 KB
physical id	: 0
siblings	: 4
core id		: 1
cpu cores	: 2
apicid		: 3
initial apicid	: 3
fpu		: yes
fpu_exception	: yes
cpuid level	: 13
wp		: yes
flags		: fpu vme de pse tsc msr pae mce cx8 apic sep mtrr pge mca cmov pat pse36 clflush dts acpi mmx fxsr sse sse2 ss ht tm pbe syscall nx rdtscp lm constant_tsc arch_perfmon pebs bts rep_good nopl xtopology nonstop_tsc cpuid aperfmperf pni pclmulqdq dtes64 monitor ds_cpl vmx est tm2 ssse3 cx16 xtpr pdcm pcid sse4_1 sse4_2 x2apic popcnt tsc_deadline_timer aes xsave avx f16c rdrand lahf_lm cpuid_fault epb pti ssbd ibrs ibpb stibp tpr_shadow vnmi flexpriority ept vpid fsgsbase smep erms xsaveopt dtherm ida arat pln pts flush_l1d
bugs		: cpu_meltdown spectre_v1 spectre_v2 spec_store_bypass l1tf
bogomips	: 5190.71
clflush size	: 64
cache_alignment	: 64
address sizes	: 36 bits physical, 48 bits virtual
power management:



Memory: 4k page, physical 5540464k(94880k free), swap 0k(0k free)

vm_info: OpenJDK 64-Bit Server VM (25.181-b13) for linux-amd64 JRE (1.8.0_181-b13), built on Aug 10 2018 18:36:50 by "builduser" with gcc 8.2.0

time: Sun Sep 30 18:30:08 2018
elapsed time: 35 seconds (0d 0h 0m 35s)

